s/work/Stat/hk-routing-project/unprocessed_data/gtfs_builder.py
(base) samuel@MacBook-Pro hk-routing-project % /usr/local/bin/python3 /Users/samuel/Documents/work/Stat/hk-routing-project/unprocessed_data/gtfs_build
er.py

[Phase 1] Mapping Geography...
  [Geo] Locating: AsiaWorld-Expo Station... (1/161)
  [Geo] Locating: Airport Station... (2/161)
  [Geo] Locating: Tsing Yi Station... (3/161)
  [Geo] Locating: Kowloon Station... (4/161)
  [Geo] Locating: Hong Kong Station... (5/161)
  [Geo] Locating: Sunny Bay Station... (6/161)
  [Geo] Locating: Disneyland Resort Station... (7/161)
  [Geo] Locating: Lo Wu Station... (8/161)
  [Geo] Locating: Sheung Shui Station... (9/161)
  [Geo] Locating: Fanling Station... (10/161)
  [Geo] Locating: Tai Wo Station... (11/161)
  [Geo] Locating: Tai Po Market Station... (12/161)
  [Geo] Locating: University Station... (13/161)
  [Geo] Locating: Fo Tan Station... (14/161)
  [Geo] Locating: Sha Tin Station... (15/161)
  [Geo] Locating: Tai Wai Station... (16/161)
  [Geo] Locating: Kowloon Tong Station... (17/161)
  [Geo] Locating: Mong Kok East Station... (18/161)
  [Geo] Locating: Hung Hom Station... (19/161)
  [Geo] Locating: Exhibition Centre Station... (20/161)
  [Geo] Locating: Admiralty Station... (21/161)
  [Geo] Locating: Lok Ma Chau Station... (22/161)
  [Geo] Locating: Chai Wan Station... (23/161)
  [Geo] Locating: Heng Fa Chuen Station... (24/161)
  [Geo] Locating: Shau Kei Wan Station... (25/161)
  [Geo] Locating: Sai Wan Ho Station... (26/161)
  [Geo] Locating: Tai Koo Station... (27/161)
  [Geo] Locating: Quarry Bay Station... (28/161)
  [Geo] Locating: North Point Station... (29/161)
  [Geo] Locating: Fortress Hill Station... (30/161)
  [Geo] Locating: Tin Hau Station... (31/161)
  [Geo] Locating: Causeway Bay Station... (32/161)
  [Geo] Locating: Wan Chai Station... (33/161)
  [Geo] Locating: Central Station... (34/161)
  [Geo] Locating: Sheung Wan Station... (35/161)
  [Geo] Locating: Sai Ying Pun Station... (36/161)
  [Geo] Locating: HKU Station... (37/161)
  [Geo] Locating: Kennedy Town Station... (38/161)
  [Geo] Locating: Tiu Keng Leng Station... (39/161)
  [Geo] Locating: Yau Tong Station... (40/161)
  [Geo] Locating: Lam Tin Station... (41/161)
  [Geo] Locating: Kwun Tong Station... (42/161)
  [Geo] Locating: Ngau Tau Kok Station... (43/161)
  [Geo] Locating: Kowloon Bay Station... (44/161)
  [Geo] Locating: Choi Hung Station... (45/161)
  [Geo] Locating: Diamond Hill Station... (46/161)
  [Geo] Locating: Wong Tai Sin Station... (47/161)
  [Geo] Locating: Lok Fu Station... (48/161)
  [Geo] Locating: Shek Kip Mei Station... (49/161)
  [Geo] Locating: Prince Edward Station... (50/161)
  [Geo] Locating: Mong Kok Station... (51/161)
  [Geo] Locating: Yau Ma Tei Station... (52/161)
  [Geo] Locating: Ho Man Tin Station... (53/161)
  [Geo] Locating: Whampoa Station... (54/161)
  [Geo] Locating: Wu Kai Sha Station... (55/161)
  [Geo] Locating: Ma On Shan Station... (56/161)
  [Geo] Locating: Heng On Station... (57/161)
  [Geo] Locating: Tai Shui Hang Station... (58/161)
  [Geo] Locating: Shek Mun Station... (59/161)
  [Geo] Locating: City One Station... (60/161)
  [Geo] Locating: Sha Tin Wai Station... (61/161)
  [Geo] Locating: Che Kung Temple Station... (62/161)
  [Geo] Locating: Hin Keng Station... (63/161)
  [Geo] Locating: Kai Tak Station... (64/161)
  [Geo] Locating: Sung Wong Toi Station... (65/161)
  [Geo] Locating: To Kwa Wan Station... (66/161)
  [Geo] Locating: East Tsim Sha Tsui Station... (67/161)
  [Geo] Locating: Austin Station... (68/161)
  [Geo] Locating: Nam Cheong Station... (69/161)
  [Geo] Locating: Mei Foo Station... (70/161)
  [Geo] Locating: Tsuen Wan West Station... (71/161)
  [Geo] Locating: Kam Sheung Road Station... (72/161)
  [Geo] Locating: Yuen Long Station... (73/161)
  [Geo] Locating: Long Ping Station... (74/161)
  [Geo] Locating: Tin Shui Wai Station... (75/161)
  [Geo] Locating: Siu Hong Station... (76/161)
  [Geo] Locating: Tuen Mun Station... (77/161)
  [Geo] Locating: Tung Chung Station... (78/161)
  [Geo] Locating: Lai King Station... (80/161)
  [Geo] Locating: Olympic Station... (81/161)
  [Geo] Locating: Po Lam Station... (84/161)
  [Geo] Locating: Hang Hau Station... (85/161)
  [Geo] Locating: Tseung Kwan O Station... (86/161)
  [Geo] Locating: LOHAS Park Station... (87/161)
  [Geo] Locating: Tsuen Wan Station... (88/161)
  [Geo] Locating: Tai Wo Hau Station... (89/161)
  [Geo] Locating: Kwai Hing Station... (90/161)
  [Geo] Locating: Kwai Fong Station... (91/161)
  [Geo] Locating: Lai Chi Kok Station... (92/161)
  [Geo] Locating: Cheung Sha Wan Station... (93/161)
  [Geo] Locating: Sham Shui Po Station... (94/161)
  [Geo] Locating: Jordan Station... (95/161)
  [Geo] Locating: Tsim Sha Tsui Station... (96/161)
  [Geo] Locating: Ocean Park Station... (97/161)
  [Geo] Locating: Wong Chuk Hang Station... (98/161)
  [Geo] Locating: Lei Tung Station... (99/161)
  [Geo] Locating: South Horizons Station... (100/161)
  [Geo] Locating: Sam Shing Station... (101/161)
  [Geo] Locating: Siu Lun Station... (102/161)
  [Geo] Locating: On Ting Station... (103/161)
  [Geo] Locating: Town Centre Station... (104/161)
  [Geo] Locating: Kin On Station... (106/161)
  [Geo] Locating: Shan King (South) Station... (107/161)
  [Geo] Locating: Shan King (North) Station... (108/161)
  [Geo] Locating: Shek Pai Station... (109/161)
  [Geo] Locating: San Wai Station... (110/161)
  [Geo] Locating: Leung King Station... (111/161)
  [Geo] Locating: Tin King Station... (112/161)
  [Geo] Locating: Kin Sang Station... (113/161)
  [Geo] Locating: Kei Lun Station... (114/161)
  [Geo] Locating: Ming Kum Station... (115/161)
  [Geo] Locating: Tuen Mun Ferry Pier Station... (116/161)
  [Geo] Locating: Siu Hei Station... (117/161)
  [Geo] Locating: Tuen Mun Swimming Pool Station... (118/161)
  [Geo] Locating: Goodview Garden Station... (119/161)
  [Geo] Locating: Ho Tin Station... (120/161)
  [Geo] Locating: Choy Yee Bridge Station... (121/161)
  [Geo] Locating: Ngan Wai Station... (122/161)
  [Geo] Locating: Tai Hing (South) Station... (123/161)
  [Geo] Locating: Tai Hing (North) Station... (124/161)
  [Geo] Locating: Pui To Station... (125/161)
  [Geo] Locating: Hoh Fuk Tong Station... (126/161)
  [Geo] Locating: San Hui Station... (127/161)
  [Geo] Locating: Prime View Station... (128/161)
  [Geo] Locating: Fung Tei Station... (129/161)
  [Geo] Locating: Tsing Wun Station... (130/161)
  [Geo] Locating: Tsing Shan Tsuen Station... (131/161)
  [Geo] Locating: Lung Mun Station... (132/161)
  [Geo] Locating: Light Rail Depot Station... (133/161)
  [Geo] Locating: Butterfly Station... (134/161)
  [Geo] Locating: Melody Garden Station... (135/161)
  [Geo] Locating: Affluence Station... (136/161)
  [Geo] Locating: Tuen Mun Hospital Station... (137/161)
  [Geo] Locating: Lam Tei Station... (138/161)
  [Geo] Locating: Nai Wai Station... (139/161)
  [Geo] Locating: Chung Uk Tsuen Station... (140/161)
  [Geo] Locating: Hung Shui Kiu Station... (141/161)
  [Geo] Locating: Tong Fong Tsuen Station... (142/161)
  [Geo] Locating: Ping Shan Station... (143/161)
  [Geo] Locating: Shui Pin Wai Station... (144/161)
  [Geo] Locating: Fung Nin Road Station... (145/161)
  [Geo] Locating: Hong Lok Road Station... (146/161)
  [Geo] Locating: Tai Tong Road Station... (147/161)
  [Geo] Locating: Tin Tsz Station... (150/161)
  [Geo] Locating: Tin Wu Station... (151/161)
  [Geo] Locating: Ginza Station... (152/161)
  [Geo] Locating: Tin Wing Station... (153/161)
  [Geo] Locating: Tin Yuet Station... (154/161)
  [Geo] Locating: Tin Sau Station... (155/161)
  [Geo] Locating: Wetland Park Station... (156/161)
  [Geo] Locating: Tin Heng Station... (157/161)
  [Geo] Locating: Tin Yat Station... (158/161)
  [Geo] Locating: Tin Fu Station... (159/161)
  [Geo] Locating: Chung Fu Station... (160/161)
  [Geo] Locating: Tin Shui Station... (161/161)
  [Geo] Locating: Locwood Station... (162/161)
  [Geo] Locating: Tin Yiu Station... (163/161)
  [Geo] Locating: Yau Oi Station... (164/161)
  [Geo] Locating: Hang Mei Tsuen Station... (165/161)
  [Geo] Locating: Chestwood Station... (166/161)

[Phase 2] Building Routes, Frequencies, and End-to-End Stop Times...
  [Time] Fetching: AsiaWorld-Expo to Tsing Yi... (2/606)
  [Time] Fetching: AsiaWorld-Expo to Kowloon... (3/606)
  [Time] Fetching: AsiaWorld-Expo to Hong Kong... (4/606)
  [Time] Fetching: Hong Kong to Tsing Yi... (6/606)
  [Time] Fetching: Hong Kong to Airport... (7/606)
  [Time] Fetching: Hong Kong to AsiaWorld-Expo... (8/606)
  [Time] Fetching: Lo Wu to Fanling... (12/606)
  [Time] Fetching: Lo Wu to Tai Wo... (13/606)
  [Time] Fetching: Lo Wu to Tai Po Market... (14/606)
  [Time] Fetching: Lo Wu to University... (15/606)
  [Time] Fetching: Lo Wu to Fo Tan... (16/606)
  [Time] Fetching: Lo Wu to Sha Tin... (17/606)
  [Time] Fetching: Lo Wu to Tai Wai... (18/606)
  [Time] Fetching: Lo Wu to Kowloon Tong... (19/606)
  [Time] Fetching: Lo Wu to Mong Kok East... (20/606)
  [Time] Fetching: Lo Wu to Hung Hom... (21/606)
  [Time] Fetching: Lo Wu to Exhibition Centre... (22/606)
  [Time] Fetching: Lo Wu to Admiralty... (23/606)
  [Time] Fetching: Lok Ma Chau to Fanling... (25/606)
  [Time] Fetching: Lok Ma Chau to Tai Wo... (26/606)
  [Time] Fetching: Lok Ma Chau to Tai Po Market... (27/606)
  [Time] Fetching: Lok Ma Chau to University... (28/606)
  [Time] Fetching: Lok Ma Chau to Fo Tan... (29/606)
  [Time] Fetching: Lok Ma Chau to Sha Tin... (30/606)
  [Time] Fetching: Lok Ma Chau to Tai Wai... (31/606)
  [Time] Fetching: Lok Ma Chau to Kowloon Tong... (32/606)
  [Time] Fetching: Lok Ma Chau to Mong Kok East... (33/606)
  [Time] Fetching: Lok Ma Chau to Hung Hom... (34/606)
  [Time] Fetching: Lok Ma Chau to Exhibition Centre... (35/606)
  [Time] Fetching: Lok Ma Chau to Admiralty... (36/606)
  [Time] Fetching: Admiralty to Hung Hom... (38/606)
  [Time] Fetching: Admiralty to Mong Kok East... (39/606)
  [Time] Fetching: Admiralty to Kowloon Tong... (40/606)
  [Time] Fetching: Admiralty to Tai Wai... (41/606)
  [Time] Fetching: Admiralty to Sha Tin... (42/606)
  [Time] Fetching: Admiralty to Fo Tan... (43/606)
  [Time] Fetching: Admiralty to University... (44/606)
  [Time] Fetching: Admiralty to Tai Po Market... (45/606)
  [Time] Fetching: Admiralty to Tai Wo... (46/606)
  [Time] Fetching: Admiralty to Fanling... (47/606)
  [Time] Fetching: Admiralty to Sheung Shui... (48/606)
  [Time] Fetching: Admiralty to Lok Ma Chau... (49/606)
  [Time] Fetching: Admiralty to Lo Wu... (62/606)
  [Time] Fetching: Chai Wan to Shau Kei Wan... (64/606)
  [Time] Fetching: Chai Wan to Sai Wan Ho... (65/606)
  [Time] Fetching: Chai Wan to Tai Koo... (66/606)
  [Time] Fetching: Chai Wan to Quarry Bay... (67/606)
  [Time] Fetching: Chai Wan to North Point... (68/606)
  [Time] Fetching: Chai Wan to Fortress Hill... (69/606)
  [Time] Fetching: Chai Wan to Tin Hau... (70/606)
  [Time] Fetching: Chai Wan to Causeway Bay... (71/606)
  [Time] Fetching: Chai Wan to Wan Chai... (72/606)
  [Time] Fetching: Chai Wan to Admiralty... (73/606)
  [Time] Fetching: Chai Wan to Central... (74/606)
  [Time] Fetching: Chai Wan to Sheung Wan... (75/606)
  [Time] Fetching: Chai Wan to Sai Ying Pun... (76/606)
  [Time] Fetching: Chai Wan to HKU... (77/606)
  [Time] Fetching: Chai Wan to Kennedy Town... (78/606)
  [Time] Fetching: Kennedy Town to Sai Ying Pun... (80/606)
  [Time] Fetching: Kennedy Town to Sheung Wan... (81/606)
  [Time] Fetching: Kennedy Town to Central... (82/606)
  [Time] Fetching: Kennedy Town to Admiralty... (83/606)
  [Time] Fetching: Kennedy Town to Wan Chai... (84/606)
  [Time] Fetching: Kennedy Town to Causeway Bay... (85/606)
  [Time] Fetching: Kennedy Town to Tin Hau... (86/606)
  [Time] Fetching: Kennedy Town to Fortress Hill... (87/606)
  [Time] Fetching: Kennedy Town to North Point... (88/606)
  [Time] Fetching: Kennedy Town to Quarry Bay... (89/606)
  [Time] Fetching: Kennedy Town to Tai Koo... (90/606)
  [Time] Fetching: Kennedy Town to Sai Wan Ho... (91/606)
  [Time] Fetching: Kennedy Town to Shau Kei Wan... (92/606)
  [Time] Fetching: Kennedy Town to Heng Fa Chuen... (93/606)
  [Time] Fetching: Kennedy Town to Chai Wan... (94/606)
  [Time] Fetching: Tiu Keng Leng to Lam Tin... (96/606)
  [Time] Fetching: Tiu Keng Leng to Kwun Tong... (97/606)
  [Time] Fetching: Tiu Keng Leng to Ngau Tau Kok... (98/606)
  [Time] Fetching: Tiu Keng Leng to Kowloon Bay... (99/606)
  [Time] Fetching: Tiu Keng Leng to Choi Hung... (100/606)
  [Time] Fetching: Tiu Keng Leng to Diamond Hill... (101/606)
  [Time] Fetching: Tiu Keng Leng to Wong Tai Sin... (102/606)
  [Time] Fetching: Tiu Keng Leng to Lok Fu... (103/606)
  [Time] Fetching: Tiu Keng Leng to Kowloon Tong... (104/606)
  [Time] Fetching: Tiu Keng Leng to Shek Kip Mei... (105/606)
  [Time] Fetching: Tiu Keng Leng to Prince Edward... (106/606)
  [Time] Fetching: Tiu Keng Leng to Mong Kok... (107/606)
  [Time] Fetching: Tiu Keng Leng to Yau Ma Tei... (108/606)
  [Time] Fetching: Tiu Keng Leng to Ho Man Tin... (109/606)
  [Time] Fetching: Tiu Keng Leng to Whampoa... (110/606)
  [Time] Fetching: Whampoa to Yau Ma Tei... (112/606)
  [Time] Fetching: Whampoa to Mong Kok... (113/606)
  [Time] Fetching: Whampoa to Prince Edward... (114/606)
  [Time] Fetching: Whampoa to Shek Kip Mei... (115/606)
  [Time] Fetching: Whampoa to Kowloon Tong... (116/606)
  [Time] Fetching: Whampoa to Lok Fu... (117/606)
  [Time] Fetching: Whampoa to Wong Tai Sin... (118/606)
  [Time] Fetching: Whampoa to Diamond Hill... (119/606)
  [Time] Fetching: Whampoa to Choi Hung... (120/606)
  [Time] Fetching: Whampoa to Kowloon Bay... (121/606)
  [Time] Fetching: Whampoa to Ngau Tau Kok... (122/606)
  [Time] Fetching: Whampoa to Kwun Tong... (123/606)
  [Time] Fetching: Whampoa to Lam Tin... (124/606)
  [Time] Fetching: Whampoa to Yau Tong... (125/606)
  [Time] Fetching: Whampoa to Tiu Keng Leng... (126/606)
  [Time] Fetching: Wu Kai Sha to Heng On... (128/606)
  [Time] Fetching: Wu Kai Sha to Tai Shui Hang... (129/606)
  [Time] Fetching: Wu Kai Sha to Shek Mun... (130/606)
  [Time] Fetching: Wu Kai Sha to City One... (131/606)
  [Time] Fetching: Wu Kai Sha to Sha Tin Wai... (132/606)
  [Time] Fetching: Wu Kai Sha to Che Kung Temple... (133/606)
  [Time] Fetching: Wu Kai Sha to Tai Wai... (134/606)
  [Time] Fetching: Wu Kai Sha to Hin Keng... (135/606)
  [Time] Fetching: Wu Kai Sha to Diamond Hill... (136/606)
  [Time] Fetching: Wu Kai Sha to Kai Tak... (137/606)
  [Time] Fetching: Wu Kai Sha to Sung Wong Toi... (138/606)
  [Time] Fetching: Wu Kai Sha to To Kwa Wan... (139/606)
  [Time] Fetching: Wu Kai Sha to Ho Man Tin... (140/606)
  [Time] Fetching: Wu Kai Sha to Hung Hom... (141/606)
  [Time] Fetching: Wu Kai Sha to East Tsim Sha Tsui... (142/606)
  [Time] Fetching: Wu Kai Sha to Austin... (143/606)
  [Time] Fetching: Wu Kai Sha to Nam Cheong... (144/606)
  [Time] Fetching: Wu Kai Sha to Mei Foo... (145/606)
  [Time] Fetching: Wu Kai Sha to Tsuen Wan West... (146/606)
  [Time] Fetching: Wu Kai Sha to Kam Sheung Road... (147/606)
  [Time] Fetching: Wu Kai Sha to Yuen Long... (148/606)
  [Time] Fetching: Wu Kai Sha to Long Ping... (149/606)
  [Time] Fetching: Wu Kai Sha to Tin Shui Wai... (150/606)
  [Time] Fetching: Wu Kai Sha to Siu Hong... (151/606)
  [Time] Fetching: Wu Kai Sha to Tuen Mun... (152/606)
  [Time] Fetching: Tuen Mun to Tin Shui Wai... (154/606)
  [Time] Fetching: Tuen Mun to Long Ping... (155/606)
  [Time] Fetching: Tuen Mun to Yuen Long... (156/606)
  [Time] Fetching: Tuen Mun to Kam Sheung Road... (157/606)
  [Time] Fetching: Tuen Mun to Tsuen Wan West... (158/606)
  [Time] Fetching: Tuen Mun to Mei Foo... (159/606)
  [Time] Fetching: Tuen Mun to Nam Cheong... (160/606)
  [Time] Fetching: Tuen Mun to Austin... (161/606)
  [Time] Fetching: Tuen Mun to East Tsim Sha Tsui... (162/606)
  [Time] Fetching: Tuen Mun to Hung Hom... (163/606)
  [Time] Fetching: Tuen Mun to Ho Man Tin... (164/606)
  [Time] Fetching: Tuen Mun to To Kwa Wan... (165/606)
  [Time] Fetching: Tuen Mun to Sung Wong Toi... (166/606)
  [Time] Fetching: Tuen Mun to Kai Tak... (167/606)
  [Time] Fetching: Tuen Mun to Diamond Hill... (168/606)
  [Time] Fetching: Tuen Mun to Hin Keng... (169/606)
  [Time] Fetching: Tuen Mun to Tai Wai... (170/606)
  [Time] Fetching: Tuen Mun to Che Kung Temple... (171/606)
  [Time] Fetching: Tuen Mun to Sha Tin Wai... (172/606)
  [Time] Fetching: Tuen Mun to City One... (173/606)
  [Time] Fetching: Tuen Mun to Shek Mun... (174/606)
  [Time] Fetching: Tuen Mun to Heng On... (176/606)
  [Time] Fetching: Tuen Mun to Ma On Shan... (177/606)
  [Time] Fetching: Tuen Mun to Wu Kai Sha... (178/606)
  [Time] Fetching: Tung Chung to Tsing Yi... (180/606)
  [Time] Fetching: Tung Chung to Lai King... (181/606)
  [Time] Fetching: Tung Chung to Nam Cheong... (182/606)
  [Time] Fetching: Tung Chung to Olympic... (183/606)
  [Time] Fetching: Tung Chung to Kowloon... (184/606)
  [Time] Fetching: Tung Chung to Hong Kong... (185/606)
  [Time] Fetching: Hong Kong to Olympic... (187/606)
  [Time] Fetching: Hong Kong to Nam Cheong... (188/606)
  [Time] Fetching: Hong Kong to Lai King... (189/606)
  [Time] Fetching: Hong Kong to Tsing Yi... (190/606)
  [Time] Fetching: Hong Kong to Sunny Bay... (191/606)
  [Time] Fetching: Hong Kong to Tung Chung... (192/606)
  [Time] Fetching: Po Lam to Tseung Kwan O... (194/606)
  [Time] Fetching: Po Lam to Tiu Keng Leng... (195/606)
  [Time] Fetching: Po Lam to Yau Tong... (196/606)
  [Time] Fetching: Po Lam to Quarry Bay... (197/606)
  [Time] Fetching: Po Lam to North Point... (198/606)
  [Time] Fetching: LOHAS Park to Tiu Keng Leng... (200/606)
  [Time] Fetching: Tiu Keng Leng to LOHAS Park... (202/606)
  [Time] Fetching: North Point to Yau Tong... (204/606)
  [Time] Fetching: North Point to Tiu Keng Leng... (205/606)
  [Time] Fetching: North Point to Tseung Kwan O... (206/606)
  [Time] Fetching: North Point to Hang Hau... (207/606)
  [Time] Fetching: North Point to Po Lam... (208/606)
  [Time] Fetching: Tsuen Wan to Kwai Hing... (210/606)
  [Time] Fetching: Tsuen Wan to Kwai Fong... (211/606)
  [Time] Fetching: Tsuen Wan to Lai King... (212/606)
  [Time] Fetching: Tsuen Wan to Mei Foo... (213/606)
  [Time] Fetching: Tsuen Wan to Lai Chi Kok... (214/606)
  [Time] Fetching: Tsuen Wan to Cheung Sha Wan... (215/606)
  [Time] Fetching: Tsuen Wan to Sham Shui Po... (216/606)
  [Time] Fetching: Tsuen Wan to Prince Edward... (217/606)
  [Time] Fetching: Tsuen Wan to Mong Kok... (218/606)
  [Time] Fetching: Tsuen Wan to Yau Ma Tei... (219/606)
  [Time] Fetching: Tsuen Wan to Jordan... (220/606)
  [Time] Fetching: Tsuen Wan to Tsim Sha Tsui... (221/606)
  [Time] Fetching: Tsuen Wan to Admiralty... (222/606)
  [Time] Fetching: Tsuen Wan to Central... (223/606)
  [Time] Fetching: Central to Tsim Sha Tsui... (225/606)
  [Time] Fetching: Central to Jordan... (226/606)
  [Time] Fetching: Central to Yau Ma Tei... (227/606)
  [Time] Fetching: Central to Mong Kok... (228/606)
  [Time] Fetching: Central to Prince Edward... (229/606)
  [Time] Fetching: Central to Sham Shui Po... (230/606)
  [Time] Fetching: Central to Cheung Sha Wan... (231/606)
  [Time] Fetching: Central to Lai Chi Kok... (232/606)
  [Time] Fetching: Central to Mei Foo... (233/606)
  [Time] Fetching: Central to Lai King... (234/606)
  [Time] Fetching: Central to Kwai Fong... (235/606)
  [Time] Fetching: Central to Kwai Hing... (236/606)
  [Time] Fetching: Central to Tai Wo Hau... (237/606)
  [Time] Fetching: Central to Tsuen Wan... (238/606)
  [Time] Fetching: Admiralty to Wong Chuk Hang... (240/606)
  [Time] Fetching: Admiralty to Lei Tung... (241/606)
  [Time] Fetching: Admiralty to South Horizons... (242/606)
  [Time] Fetching: South Horizons to Wong Chuk Hang... (244/606)
  [Time] Fetching: South Horizons to Ocean Park... (245/606)
  [Time] Fetching: South Horizons to Admiralty... (246/606)
  [Time] Fetching: Tai Shui Hang to Kin Sang... (263/606)
  [Time] Fetching: Tai Shui Hang to Tin King... (264/606)
  [Time] Fetching: Tai Shui Hang to Leung King... (265/606)
  [Time] Fetching: Tai Shui Hang to San Wai... (266/606)
  [Time] Fetching: Tai Shui Hang to Shek Pai... (267/606)
  [Time] Fetching: Tai Shui Hang to Ming Kum... (268/606)
  [Time] Fetching: Tai Shui Hang to Kin On... (269/606)
  [Time] Fetching: Tai Shui Hang to Tuen Mun... (270/606)
  [Time] Fetching: Tai Shui Hang to Town Centre... (271/606)
  [Time] Fetching: Tai Shui Hang to On Ting... (272/606)
  [Time] Fetching: Tai Shui Hang to Siu Lun... (273/606)
  [Time] Fetching: Tai Shui Hang to Sam Shing... (274/606)
  [Time] Fetching: Tai Shui Hang to Kei Lun... (318/606)
  [Time] Fetching: Tai Shui Hang to Tsing Wun... (326/606)
  [Time] Fetching: Tai Shui Hang to Tsing Shan Tsuen... (327/606)
  [Time] Fetching: Tai Shui Hang to Lung Mun... (328/606)
  [Time] Fetching: Tai Shui Hang to Light Rail Depot... (329/606)
  [Time] Fetching: Tai Shui Hang to Butterfly... (330/606)
  [Time] Fetching: Tai Shui Hang to Melody Garden... (331/606)
  [Time] Fetching: Tai Shui Hang to Tuen Mun Ferry Pier... (332/606)
  [Time] Fetching: Tai Shui Hang to Fung Tei... (348/606)
  [Time] Fetching: Tai Shui Hang to Prime View... (349/606)
  [Time] Fetching: Tai Shui Hang to San Hui... (350/606)
  [Time] Fetching: Tai Shui Hang to Hoh Fuk Tong... (351/606)
  [Time] Fetching: Tai Shui Hang to Pui To... (352/606)
  [Time] Fetching: Tai Shui Hang to Goodview Garden... (356/606)
  [Time] Fetching: Tai Shui Hang to Tuen Mun Swimming Pool... (357/606)
  [Time] Fetching: Tai Shui Hang to Siu Hei... (358/606)

[Phase 3] Writing Flat Geography data...

[Phase 4] Calculating Internal Transfer Penalties...
  [Transfers] Processing Interchange: Tsing Yi... (1/83)
  [Transfers] Processing Interchange: Kowloon... (2/83)
  [Transfers] Processing Interchange: Hong Kong... (3/83)
  [Transfers] Processing Interchange: Sunny Bay... (4/83)
  [Transfers] Processing Interchange: Tai Wai... (5/83)
  [Transfers] Processing Interchange: Kowloon Tong... (6/83)
  [Transfers] Processing Interchange: Hung Hom... (7/83)
  [Transfers] Processing Interchange: Admiralty... (8/83)
  [Transfers] Processing Interchange: Quarry Bay... (9/83)
  [Transfers] Processing Interchange: North Point... (10/83)
  [Transfers] Processing Interchange: Central... (11/83)
  [Transfers] Processing Interchange: Tiu Keng Leng... (12/83)
  [Transfers] Processing Interchange: Yau Tong... (13/83)
  [Transfers] Processing Interchange: Diamond Hill... (14/83)
  [Transfers] Processing Interchange: Prince Edward... (15/83)
  [Transfers] Processing Interchange: Mong Kok... (16/83)
  [Transfers] Processing Interchange: Yau Ma Tei... (17/83)
  [Transfers] Processing Interchange: Ho Man Tin... (18/83)
  [Transfers] Processing Interchange: Nam Cheong... (19/83)
  [Transfers] Processing Interchange: Mei Foo... (20/83)
  [Transfers] Processing Interchange: Yuen Long... (21/83)
  [Transfers] Processing Interchange: Tin Shui Wai... (22/83)
  [Transfers] Processing Interchange: Siu Hong... (23/83)
  [Transfers] Processing Interchange: Tuen Mun... (24/83)
  [Transfers] Processing Interchange: Lai King... (25/83)
  [Transfers] Processing Interchange: Siu Lun... (26/83)
  [Transfers] Processing Interchange: On Ting... (27/83)
  [Transfers] Processing Interchange: Town Centre... (28/83)
  [Transfers] Processing Interchange: Shek Pai... (29/83)
  [Transfers] Processing Interchange: San Wai... (30/83)
  [Transfers] Processing Interchange: Leung King... (31/83)
  [Transfers] Processing Interchange: Tin King... (32/83)
  [Transfers] Processing Interchange: Kin Sang... (33/83)
  [Transfers] Processing Interchange: Ching Chung... (34/83)
  [Transfers] Processing Interchange: Kei Lun... (35/83)
  [Transfers] Processing Interchange: Ming Kum... (36/83)
  [Transfers] Processing Interchange: Tuen Mun Ferry Pier... (37/83)
  [Transfers] Processing Interchange: Siu Hei... (38/83)
  [Transfers] Processing Interchange: Tuen Mun Swimming Pool... (39/83)
  [Transfers] Processing Interchange: Goodview Garden... (40/83)
  [Transfers] Processing Interchange: Ho Tin... (41/83)
  [Transfers] Processing Interchange: Choy Yee Bridge... (42/83)
  [Transfers] Processing Interchange: Ngan Wai... (43/83)
  [Transfers] Processing Interchange: Tai Hing (South)... (44/83)
  [Transfers] Processing Interchange: Tai Hing (North)... (45/83)
  [Transfers] Processing Interchange: Pui To... (46/83)
  [Transfers] Processing Interchange: Hoh Fuk Tong... (47/83)
  [Transfers] Processing Interchange: San Hui... (48/83)
  [Transfers] Processing Interchange: Prime View... (49/83)
  [Transfers] Processing Interchange: Fung Tei... (50/83)
  [Transfers] Processing Interchange: Tsing Wun... (51/83)
  [Transfers] Processing Interchange: Tsing Shan Tsuen... (52/83)
  [Transfers] Processing Interchange: Lung Mun... (53/83)
  [Transfers] Processing Interchange: Light Rail Depot... (54/83)
  [Transfers] Processing Interchange: Butterfly... (55/83)
  [Transfers] Processing Interchange: Melody Garden... (56/83)
  [Transfers] Processing Interchange: Affluence... (57/83)
  [Transfers] Processing Interchange: Tuen Mun Hospital... (58/83)
  [Transfers] Processing Interchange: Lam Tei... (59/83)
  [Transfers] Processing Interchange: Nai Wai... (60/83)
  [Transfers] Processing Interchange: Chung Uk Tsuen... (61/83)
  [Transfers] Processing Interchange: Hung Shui Kiu... (62/83)
  [Transfers] Processing Interchange: Tong Fong Tsuen... (63/83)
  [Transfers] Processing Interchange: Ping Shan... (64/83)
  [Transfers] Processing Interchange: Shui Pin Wai... (65/83)
  [Transfers] Processing Interchange: Fung Nin Road... (66/83)
  [Transfers] Processing Interchange: Hong Lok Road... (67/83)
  [Transfers] Processing Interchange: Tai Tong Road... (68/83)
  [Transfers] Processing Interchange: Tin Tsz... (69/83)
  [Transfers] Processing Interchange: Tin Wu... (70/83)
  [Transfers] Processing Interchange: Ginza... (71/83)
  [Transfers] Processing Interchange: Tin Wing... (72/83)
  [Transfers] Processing Interchange: Tin Yuet... (73/83)
  [Transfers] Processing Interchange: Tin Sau... (74/83)
  [Transfers] Processing Interchange: Wetland Park... (75/83)
  [Transfers] Processing Interchange: Tin Heng... (76/83)
  [Transfers] Processing Interchange: Tin Yat... (77/83)
  [Transfers] Processing Interchange: Tin Fu... (78/83)
  [Transfers] Processing Interchange: Chung Fu... (79/83)
  [Transfers] Processing Interchange: Tin Shui... (80/83)
  [Transfers] Processing Interchange: Locwood... (81/83)
  [Transfers] Processing Interchange: Tin Yiu... (82/83)
  [Transfers] Processing Interchange: Hang Mei Tsuen... (83/83)

[Phase 5] Zipping unprocessed_data/mtr-gtfs-accurate.zip...
SUCCESS: Accurate GTFS Package Generated!